<?xml version="1.0" encoding="UTF-8"?>
<testsuite xmlns:xsi="http://www.w3.org/2001/XMLSchema-instance" xsi:noNamespaceSchemaLocation="https://maven.apache.org/surefire/maven-surefire-plugin/xsd/surefire-test-report-3.0.xsd" version="3.0" name="br.com.casaverde.api.controllers.ClienteControllerTest" time="2.545" tests="2" errors="0" skipped="0" failures="0">
  <properties>
[...]
</properties>
  <testcase name="loginCliente" classname="br.com.casaverde.api.controllers.ClienteControllerTest" time="0.696">
    <system-out><![CDATA[02:10:33.610 [main] INFO org.springframework.test.context.support.AnnotationConfigContextLoaderUtils -- Could not detect default configuration classes for test class [br.com.casaverde.api.controllers.ClienteControllerTest]: ClienteControllerTest does not declare any static, non-private, non-final, nested classes annotated with @Configuration.
02:10:33.744 [main] INFO org.springframework.boot.test.context.SpringBootTestContextBootstrapper -- Found @SpringBootConfiguration br.com.casaverde.api.CasaVerdeApplication for test class br.com.casaverde.api.controllers.ClienteControllerTest

  .   ____          _            __ _ _
 /\\ / ___'_ __ _ _(_)_ __  __ _ \ \ \ \
( ( )\___ | '_ | '_| | '_ \/ _` | \ \ \ \
 \\/  ___)| |_)| | | | | || (_| |  ) ) ) )
  '  |____| .__|_| |_|_| |_\__, | / / / /
 =========|_|==============|___/=/_/_/_/
 :: Spring Boot ::                (v3.2.0)

2025-12-03T02:10:34.146-03:00  INFO 14756 --- [           main] b.c.c.a.c.ClienteControllerTest          : Starting ClienteControllerTest using Java 23.0.2 with PID 14756 (started by pedro in C:\Users\pedro\Downloads\projeto-testemanutenção-casaverde\casaverde-api)
2025-12-03T02:10:34.146-03:00  INFO 14756 --- [           main] b.c.c.a.c.ClienteControllerTest          : No active profile set, falling back to 1 default profile: "default"
2025-12-03T02:10:35.245-03:00  INFO 14756 --- [           main] o.s.b.t.m.w.SpringBootMockServletContext : Initializing Spring TestDispatcherServlet ''
2025-12-03T02:10:35.245-03:00  INFO 14756 --- [           main] o.s.t.web.servlet.TestDispatcherServlet  : Initializing Servlet ''
2025-12-03T02:10:35.261-03:00  INFO 14756 --- [           main] o.s.t.web.servlet.TestDispatcherServlet  : Completed initialization in 0 ms
2025-12-03T02:10:35.262-03:00  INFO 14756 --- [           main] b.c.c.a.c.ClienteControllerTest          : Started ClienteControllerTest in 1.385 seconds (process running for 2.257)
]]></system-out>
    <system-err><![CDATA[WARNING: A Java agent has been loaded dynamically (C:\Users\pedro\.m2\repository\net\bytebuddy\byte-buddy-agent\1.14.10\byte-buddy-agent-1.14.10.jar)
WARNING: If a serviceability tool is in use, please run with -XX:+EnableDynamicAgentLoading to hide this warning
WARNING: If a serviceability tool is not in use, please run with -Djdk.instrument.traceUsage for more information
WARNING: Dynamic loading of agents will be disallowed by default in a future release
]]></system-err>
  </testcase>
  <testcase name="criaClienteValido" classname="br.com.casaverde.api.controllers.ClienteControllerTest" time="0.016"/>
</testsuite>