<?xml version="1.0" encoding="UTF-8"?>
<testsuite xmlns:xsi="http://www.w3.org/2001/XMLSchema-instance" xsi:noNamespaceSchemaLocation="https://maven.apache.org/surefire/maven-surefire-plugin/xsd/surefire-test-report-3.0.xsd" version="3.0" name="br.com.casaverde.Test.ClienteServiceTest" time="0.059" tests="8" errors="0" skipped="0" failures="0">
  <properties>
[...]
</properties>
  <testcase name="test03_criarCliente_senhaCurta" classname="br.com.casaverde.Test.ClienteServiceTest" time="0.022"/>
  <testcase name="test05_desativarCliente" classname="br.com.casaverde.Test.ClienteServiceTest" time="0.003"/>
  <testcase name="test02_criarCliente_emailInvalido" classname="br.com.casaverde.Test.ClienteServiceTest" time="0.001"/>
  <testcase name="test07_autenticar_senhaErrada" classname="br.com.casaverde.Test.ClienteServiceTest" time="0.001"/>
  <testcase name="test01_criarCliente_valido" classname="br.com.casaverde.Test.ClienteServiceTest" time="0.003"/>
  <testcase name="test06_autenticar_senhaCorreta" classname="br.com.casaverde.Test.ClienteServiceTest" time="0.002"/>
  <testcase name="test08_novoCliente_comecaAtivo" classname="br.com.casaverde.Test.ClienteServiceTest" time="0.002"/>
  <testcase name="test04_criarCliente_nomeVazio" classname="br.com.casaverde.Test.ClienteServiceTest" time="0.0"/>
</testsuite>